<?xml version="1.0" encoding="UTF-8"?>
<!-- Generated by org.testng.reporters.JUnitXMLReporter -->
<testsuite ignored="4" hostname="DESKTOP-KEEJ885" failures="0" tests="7" name="Test" time="6.138" errors="0" timestamp="2024-05-27T22:22:08 IST">
  <testcase classname="com.testCases.Base" name="@BeforeSuite startReport" time="0.064">
    <failure type="java.lang.NullPointerException" message="Cannot invoke &amp;quot;java.io.File.exists()&amp;quot; because &amp;quot;parentFile&amp;quot; is null">
      <![CDATA[java.lang.NullPointerException: Cannot invoke "java.io.File.exists()" because "parentFile" is null
at com.aventstack.extentreports.reporter.AbstractFileReporter.<init>(AbstractFileReporter.java:45)
at com.aventstack.extentreports.reporter.ExtentSparkReporter.<init>(ExtentSparkReporter.java:51)
at com.testCases.Base.startReport(Base.java:79)
... Removed 19 stack frames]]>
    </failure>
  </testcase> <!-- @BeforeSuite startReport -->
  <testcase classname="com.testCases.Base" name="@BeforeClass setup" time="0.0">
    <skipped/>
  </testcase> <!-- @BeforeClass setup -->
  <testcase classname="com.testCases.Base" name="@BeforeClass setup" time="0.0">
    <skipped/>
  </testcase> <!-- @BeforeClass setup -->
  <testcase classname="com.testCases.Base" name="@BeforeClass setup" time="0.0">
    <skipped/>
  </testcase> <!-- @BeforeClass setup -->
  <testcase classname="com.testCases.Base" name="@AfterMethod getTestResult" time="0.0">
    <skipped/>
  </testcase> <!-- @AfterMethod getTestResult -->
  <testcase classname="com.testCases.Base" name="@AfterClass teardown" time="0.0">
    <skipped/>
  </testcase> <!-- @AfterClass teardown -->
  <testcase classname="com.testCases.Base" name="@AfterMethod getTestResult" time="0.0">
    <skipped/>
  </testcase> <!-- @AfterMethod getTestResult -->
  <testcase classname="com.testCases.Base" name="@AfterClass teardown" time="0.0">
    <skipped/>
  </testcase> <!-- @AfterClass teardown -->
  <testcase classname="com.testCases.Base" name="@AfterMethod getTestResult" time="0.0">
    <skipped/>
  </testcase> <!-- @AfterMethod getTestResult -->
  <testcase classname="com.testCases.Base" name="@AfterMethod getTestResult" time="0.0">
    <skipped/>
  </testcase> <!-- @AfterMethod getTestResult -->
  <testcase classname="com.testCases.Base" name="@AfterMethod getTestResult" time="0.0">
    <skipped/>
  </testcase> <!-- @AfterMethod getTestResult -->
  <testcase classname="com.testCases.Base" name="@AfterMethod getTestResult" time="0.0">
    <skipped/>
  </testcase> <!-- @AfterMethod getTestResult -->
  <testcase classname="com.testCases.Base" name="@AfterMethod getTestResult" time="0.0">
    <skipped/>
  </testcase> <!-- @AfterMethod getTestResult -->
  <testcase classname="com.testCases.Base" name="@AfterClass teardown" time="0.0">
    <skipped/>
  </testcase> <!-- @AfterClass teardown -->
  <testcase classname="com.testCases.TC_NewCustomer" name="newCustTest" time="0.001">
    <skipped/>
  </testcase> <!-- newCustTest -->
  <testcase classname="com.testCases.TC_LoginTest" name="loginTest" time="0.001">
    <skipped/>
  </testcase> <!-- loginTest -->
  <testcase classname="com.testCases.TC_Login_NewCust_methodChain" name="NewCust_methodChain" time="0.001">
    <skipped/>
  </testcase> <!-- NewCust_methodChain -->
  <testcase classname="com.testCases.TC_Login_NewCust_methodChain" name="NewCust_methodChain" time="0.0">
    <skipped/>
  </testcase> <!-- NewCust_methodChain -->
  <testcase classname="com.testCases.TC_Login_NewCust_methodChain" name="NewCust_methodChain" time="0.0">
    <skipped/>
  </testcase> <!-- NewCust_methodChain -->
  <testcase classname="com.testCases.TC_Login_NewCust_methodChain" name="NewCust_methodChain" time="0.0">
    <skipped/>
  </testcase> <!-- NewCust_methodChain -->
  <testcase classname="com.testCases.TC_Login_NewCust_methodChain" name="NewCust_methodChain" time="0.001">
    <skipped/>
  </testcase> <!-- NewCust_methodChain -->
  <testcase classname="com.testCases.Base" name="@AfterSuite endReport" time="0.0">
    <ignored/>
  </testcase> <!-- @AfterSuite endReport -->
  <testcase classname="com.testCases.Base" name="@BeforeSuite startReport" time="0.0">
    <ignored/>
  </testcase> <!-- @BeforeSuite startReport -->
  <testcase classname="com.testCases.Base" name="@BeforeSuite startReport" time="0.0">
    <ignored/>
  </testcase> <!-- @BeforeSuite startReport -->
  <testcase classname="com.testCases.Base" name="@AfterSuite endReport" time="0.0">
    <ignored/>
  </testcase> <!-- @AfterSuite endReport -->
</testsuite> <!-- Test -->
